# JRE version: Java(TM) SE Runtime Environment (8.0_51-b16) (build 1.8.0_51-b16)
# Java VM: Java HotSpot(TM) 64-Bit Server VM (25.51-b03 mixed mode linux-amd64 compressed oops)
Heap:
 PSYoungGen      total 68608K, used 63398K [0x00000000d6e00000, 0x00000000e0200000, 0x0000000100000000)
  eden space 63488K, 99% used [0x00000000d6e00000,0x00000000dabe9ab0,0x00000000dac00000)
  from space 5120K, 0% used [0x00000000dac00000,0x00000000dac00000,0x00000000db100000)
  to   space 12288K, 0% used [0x00000000df600000,0x00000000df600000,0x00000000e0200000)
 ParOldGen       total 67072K, used 13759K [0x0000000084a00000, 0x0000000088b80000, 0x00000000d6e00000)
  object space 67072K, 20% used [0x0000000084a00000,0x000000008576ff48,0x0000000088b80000)
 Metaspace       used 32935K, capacity 34128K, committed 34176K, reserved 1079296K
  class space    used 4016K, capacity 4696K, committed 4736K, reserved 1048576K
GC Heap History (10 events):
Event: 1,475 GC heap before
{Heap before GC invocations=2 (full 0):
 PSYoungGen      total 36864K, used 35862K [0x00000000d6e00000, 0x00000000d9700000, 0x0000000100000000)
  eden space 31744K, 100% used [0x00000000d6e00000,0x00000000d8d00000,0x00000000d8d00000)
  from space 5120K, 80% used [0x00000000d8d00000,0x00000000d9105b10,0x00000000d9200000)
  to   space 5120K, 0% used [0x00000000d9200000,0x00000000d9200000,0x00000000d9700000)
 ParOldGen       total 84992K, used 8K [0x0000000084a00000, 0x0000000089d00000, 0x00000000d6e00000)
  object space 84992K, 0% used [0x0000000084a00000,0x0000000084a02000,0x0000000089d00000)
 Metaspace       used 12762K, capacity 13002K, committed 13184K, reserved 1060864K
  class space    used 1569K, capacity 1646K, committed 1664K, reserved 1048576K
Event: 1,488 GC heap after
Heap after GC invocations=2 (full 0):
 PSYoungGen      total 36864K, used 5118K [0x00000000d6e00000, 0x00000000db600000, 0x0000000100000000)
  eden space 31744K, 0% used [0x00000000d6e00000,0x00000000d6e00000,0x00000000d8d00000)
  from space 5120K, 99% used [0x00000000d9200000,0x00000000d96ffa08,0x00000000d9700000)
  to   space 5120K, 0% used [0x00000000d8d00000,0x00000000d8d00000,0x00000000d9200000)
 ParOldGen       total 84992K, used 1951K [0x0000000084a00000, 0x0000000089d00000, 0x00000000d6e00000)
  object space 84992K, 2% used [0x0000000084a00000,0x0000000084be7c80,0x0000000089d00000)
 Metaspace       used 12762K, capacity 13002K, committed 13184K, reserved 1060864K
  class space    used 1569K, capacity 1646K, committed 1664K, reserved 1048576K
}
Event: 2,188 GC heap before
{Heap before GC invocations=3 (full 0):
 PSYoungGen      total 36864K, used 36862K [0x00000000d6e00000, 0x00000000db600000, 0x0000000100000000)
  eden space 31744K, 100% used [0x00000000d6e00000,0x00000000d8d00000,0x00000000d8d00000)
  from space 5120K, 99% used [0x00000000d9200000,0x00000000d96ffa08,0x00000000d9700000)
  to   space 5120K, 0% used [0x00000000d8d00000,0x00000000d8d00000,0x00000000d9200000)
 ParOldGen       total 84992K, used 1951K [0x0000000084a00000, 0x0000000089d00000, 0x00000000d6e00000)
  object space 84992K, 2% used [0x0000000084a00000,0x0000000084be7c80,0x0000000089d00000)
 Metaspace       used 13862K, capacity 14098K, committed 14336K, reserved 1062912K
  class space    used 1674K, capacity 1754K, committed 1792K, reserved 1048576K
Event: 2,201 GC heap after
Heap after GC invocations=3 (full 0):
 PSYoungGen      total 36864K, used 5104K [0x00000000d6e00000, 0x00000000db600000, 0x0000000100000000)
  eden space 31744K, 0% used [0x00000000d6e00000,0x00000000d6e00000,0x00000000d8d00000)
  from space 5120K, 99% used [0x00000000d8d00000,0x00000000d91fc030,0x00000000d9200000)
  to   space 5120K, 0% used [0x00000000db100000,0x00000000db100000,0x00000000db600000)
 ParOldGen       total 84992K, used 2967K [0x0000000084a00000, 0x0000000089d00000, 0x00000000d6e00000)
  object space 84992K, 3% used [0x0000000084a00000,0x0000000084ce5e18,0x0000000089d00000)
 Metaspace       used 13862K, capacity 14098K, committed 14336K, reserved 1062912K
  class space    used 1674K, capacity 1754K, committed 1792K, reserved 1048576K
}
Event: 2,705 GC heap before
{Heap before GC invocations=4 (full 0):
 PSYoungGen      total 36864K, used 36848K [0x00000000d6e00000, 0x00000000db600000, 0x0000000100000000)
  eden space 31744K, 100% used [0x00000000d6e00000,0x00000000d8d00000,0x00000000d8d00000)
  from space 5120K, 99% used [0x00000000d8d00000,0x00000000d91fc030,0x00000000d9200000)
  to   space 5120K, 0% used [0x00000000db100000,0x00000000db100000,0x00000000db600000)
 ParOldGen       total 84992K, used 2967K [0x0000000084a00000, 0x0000000089d00000, 0x00000000d6e00000)
  object space 84992K, 3% used [0x0000000084a00000,0x0000000084ce5e18,0x0000000089d00000)
 Metaspace       used 14696K, capacity 15074K, committed 15232K, reserved 1062912K
  class space    used 1757K, capacity 1866K, committed 1920K, reserved 1048576K
Event: 2,718 GC heap after
Heap after GC invocations=4 (full 0):
 PSYoungGen      total 68608K, used 5104K [0x00000000d6e00000, 0x00000000db600000, 0x0000000100000000)
  eden space 63488K, 0% used [0x00000000d6e00000,0x00000000d6e00000,0x00000000dac00000)
  from space 5120K, 99% used [0x00000000db100000,0x00000000db5fc010,0x00000000db600000)
  to   space 5120K, 0% used [0x00000000dac00000,0x00000000dac00000,0x00000000db100000)
 ParOldGen       total 84992K, used 4734K [0x0000000084a00000, 0x0000000089d00000, 0x00000000d6e00000)
  object space 84992K, 5% used [0x0000000084a00000,0x0000000084e9fac0,0x0000000089d00000)
 Metaspace       used 14696K, capacity 15074K, committed 15232K, reserved 1062912K
  class space    used 1757K, capacity 1866K, committed 1920K, reserved 1048576K
}
Event: 3,657 GC heap before
{Heap before GC invocations=5 (full 0):
 PSYoungGen      total 68608K, used 51412K [0x00000000d6e00000, 0x00000000db600000, 0x0000000100000000)
  eden space 63488K, 72% used [0x00000000d6e00000,0x00000000d9b39220,0x00000000dac00000)
  from space 5120K, 99% used [0x00000000db100000,0x00000000db5fc010,0x00000000db600000)
  to   space 5120K, 0% used [0x00000000dac00000,0x00000000dac00000,0x00000000db100000)
 ParOldGen       total 84992K, used 4734K [0x0000000084a00000, 0x0000000089d00000, 0x00000000d6e00000)
  object space 84992K, 5% used [0x0000000084a00000,0x0000000084e9fac0,0x0000000089d00000)
 Metaspace       used 20700K, capacity 21168K, committed 21296K, reserved 1069056K
  class space    used 2487K, capacity 2683K, committed 2688K, reserved 1048576K
Event: 3,670 GC heap after
Heap after GC invocations=5 (full 0):
 PSYoungGen      total 68608K, used 5102K [0x00000000d6e00000, 0x00000000e0200000, 0x0000000100000000)
  eden space 63488K, 0% used [0x00000000d6e00000,0x00000000d6e00000,0x00000000dac00000)
  from space 5120K, 99% used [0x00000000dac00000,0x00000000db0fb9e8,0x00000000db100000)
  to   space 12288K, 0% used [0x00000000df600000,0x00000000df600000,0x00000000e0200000)
 ParOldGen       total 84992K, used 12384K [0x0000000084a00000, 0x0000000089d00000, 0x00000000d6e00000)
  object space 84992K, 14% used [0x0000000084a00000,0x0000000085618008,0x0000000089d00000)
 Metaspace       used 20700K, capacity 21168K, committed 21296K, reserved 1069056K
  class space    used 2487K, capacity 2683K, committed 2688K, reserved 1048576K
}
Event: 3,670 GC heap before
{Heap before GC invocations=6 (full 1):
 PSYoungGen      total 68608K, used 5102K [0x00000000d6e00000, 0x00000000e0200000, 0x0000000100000000)
  eden space 63488K, 0% used [0x00000000d6e00000,0x00000000d6e00000,0x00000000dac00000)
  from space 5120K, 99% used [0x00000000dac00000,0x00000000db0fb9e8,0x00000000db100000)
  to   space 12288K, 0% used [0x00000000df600000,0x00000000df600000,0x00000000e0200000)
 ParOldGen       total 84992K, used 12384K [0x0000000084a00000, 0x0000000089d00000, 0x00000000d6e00000)
  object space 84992K, 14% used [0x0000000084a00000,0x0000000085618008,0x0000000089d00000)
 Metaspace       used 20700K, capacity 21168K, committed 21296K, reserved 1069056K
  class space    used 2487K, capacity 2683K, committed 2688K, reserved 1048576K
Event: 3,720 GC heap after
Heap after GC invocations=6 (full 1):
 PSYoungGen      total 68608K, used 0K [0x00000000d6e00000, 0x00000000e0200000, 0x0000000100000000)
  eden space 63488K, 0% used [0x00000000d6e00000,0x00000000d6e00000,0x00000000dac00000)
  from space 5120K, 0% used [0x00000000dac00000,0x00000000dac00000,0x00000000db100000)
  to   space 12288K, 0% used [0x00000000df600000,0x00000000df600000,0x00000000e0200000)
 ParOldGen       total 67072K, used 13759K [0x0000000084a00000, 0x0000000088b80000, 0x00000000d6e00000)
  object space 67072K, 20% used [0x0000000084a00000,0x000000008576ff48,0x0000000088b80000)
 Metaspace       used 20700K, capacity 21168K, committed 21296K, reserved 1069056K
  class space    used 2487K, capacity 2683K, committed 2688K, reserved 1048576K
}

